<?xml version="1.0" encoding="UTF-8"?>
<!-- Generated by org.testng.reporters.JUnitReportReporter -->
<testsuite hostname="Daniels-MacBook-Pro.local" name="test.firstTest" tests="4" failures="0" timestamp="2 Jun 2018 17:41:57 GMT" time="7.335" errors="0">
  <testcase name="loggingIn" time="2.996" classname="test.firstTest"/>
  <testcase name="openGoogleHomepage" time="2.061" classname="test.firstTest"/>
  <testcase name="hitGmailLink" time="2.265" classname="test.firstTest"/>
  <testcase name="loggingIn" time="0.013" classname="test.firstTest"/>
</testsuite> <!-- test.firstTest -->
