<?xml version="1.0" encoding="UTF-8"?>
<!-- Generated by org.testng.reporters.JUnitReportReporter -->
<testsuite hostname="Daniels-MacBook-Pro.local" name="test.rsTest" tests="1" failures="0" timestamp="5 Jun 2018 01:54:33 GMT" time="1.262" errors="0">
  <testcase name="Find_given_user_within_response" time="1.262" classname="test.rsTest"/>
</testsuite> <!-- test.rsTest -->
